<?xml version="1.0" encoding="UTF-8"?>
<!-- Generated by org.testng.reporters.JUnitXMLReporter -->
<testsuite hostname="DESKTOP-EM3OVKO" ignored="0" name="Default test" tests="3" failures="0" timestamp="03 Sep 2022 07:21:18 GMT" time="0.073" errors="0">
  <testcase name="Sample1_test" time="0.02" classname="com.Github.Script1Test"/>
  <testcase name="Sample2_test" time="0.004" classname="com.Github.Script1Test"/>
  <testcase name="Sample3_test" time="0.011" classname="com.Github.Script1Test"/>
</testsuite> <!-- Default test -->
