<?xml version="1.0" encoding="UTF-8"?>
<!-- Generated by org.testng.reporters.JUnitXMLReporter -->
<testsuite hostname="DESKTOP-EM3OVKO" ignored="0" name="Test" tests="4" failures="0" timestamp="30 Aug 2022 09:29:25 GMT" time="0.072" errors="0">
  <testcase name="Sample1_test" time="0.016" classname="com.Github.Script1Test"/>
  <testcase name="Sample2_test" time="0.0" classname="com.Github.Script2Test"/>
  <testcase name="Sample3_test" time="0.0" classname="com.Github.Script2Test"/>
  <testcase name="Sample4_test" time="0.0" classname="com.Github.Script2Test"/>
</testsuite> <!-- Test -->
