<?xml version="1.0" encoding="UTF-8"?>
<testng-results skipped="0" failed="0" ignored="0" total="3" passed="3">
  <reporter-output>
  </reporter-output>
  <suite name="Default suite" duration-ms="73" started-at="2022-09-03T07:21:18Z" finished-at="2022-09-03T07:21:18Z">
    <groups>
      <group name="SmokeTest">
        <method signature="Script1Test.Sample1_test()[pri:0, instance:com.Github.Script1Test@6d4b1c02]" name="Sample1_test" class="com.Github.Script1Test"/>
        <method signature="Script1Test.Sample3_test()[pri:0, instance:com.Github.Script1Test@6d4b1c02]" name="Sample3_test" class="com.Github.Script1Test"/>
      </group> <!-- SmokeTest -->
      <group name="RegressionTest">
        <method signature="Script1Test.Sample2_test()[pri:0, instance:com.Github.Script1Test@6d4b1c02]" name="Sample2_test" class="com.Github.Script1Test"/>
      </group> <!-- RegressionTest -->
    </groups>
    <test name="Default test" duration-ms="73" started-at="2022-09-03T07:21:18Z" finished-at="2022-09-03T07:21:18Z">
      <class name="com.Github.Script1Test">
        <test-method status="PASS" signature="Sample1_test()[pri:0, instance:com.Github.Script1Test@6d4b1c02]" name="Sample1_test" duration-ms="20" started-at="2022-09-03T07:21:18Z" finished-at="2022-09-03T07:21:18Z">
          <reporter-output>
          </reporter-output>
        </test-method> <!-- Sample1_test -->
        <test-method status="PASS" signature="Sample2_test()[pri:0, instance:com.Github.Script1Test@6d4b1c02]" name="Sample2_test" duration-ms="4" started-at="2022-09-03T07:21:18Z" finished-at="2022-09-03T07:21:18Z">
          <reporter-output>
          </reporter-output>
        </test-method> <!-- Sample2_test -->
        <test-method status="PASS" signature="Sample3_test()[pri:0, instance:com.Github.Script1Test@6d4b1c02]" name="Sample3_test" duration-ms="11" started-at="2022-09-03T07:21:18Z" finished-at="2022-09-03T07:21:18Z">
          <reporter-output>
          </reporter-output>
        </test-method> <!-- Sample3_test -->
      </class> <!-- com.Github.Script1Test -->
    </test> <!-- Default test -->
  </suite> <!-- Default suite -->
</testng-results>
