<?xml version="1.0" encoding="UTF-8"?>
<testng-results skipped="0" failed="0" ignored="0" total="1" passed="1">
  <reporter-output>
  </reporter-output>
  <suite name="Default suite" duration-ms="23640" started-at="2022-10-21T09:38:00Z" finished-at="2022-10-21T09:38:24Z">
    <groups>
    </groups>
    <test name="Default test" duration-ms="23640" started-at="2022-10-21T09:38:00Z" finished-at="2022-10-21T09:38:24Z">
      <class name="com.Remote.RemoteConnection">
        <test-method status="PASS" signature="RC1_Test()[pri:0, instance:com.Remote.RemoteConnection@39c0f4a]" name="RC1_Test" duration-ms="23550" started-at="2022-10-21T09:38:00Z" finished-at="2022-10-21T09:38:24Z">
          <reporter-output>
          </reporter-output>
        </test-method> <!-- RC1_Test -->
      </class> <!-- com.Remote.RemoteConnection -->
    </test> <!-- Default test -->
  </suite> <!-- Default suite -->
</testng-results>
